  CatmullClark.cpp
CatmullClark.cpp(97): warning C4018: '<' : signed/unsigned mismatch
CatmullClark.cpp(106): warning C4018: '<' : signed/unsigned mismatch
CatmullClark.cpp(138): warning C4244: 'initializing' : conversion from 'double' to 'float', possible loss of data
CatmullClark.cpp(183): warning C4244: 'argument' : conversion from 'int' to 'FLOAT', possible loss of data
CatmullClark.cpp(191): warning C4244: 'argument' : conversion from 'int' to 'FLOAT', possible loss of data
CatmullClark.cpp(195): warning C4244: 'argument' : conversion from 'int' to 'FLOAT', possible loss of data
CatmullClark.cpp(199): warning C4018: '<' : signed/unsigned mismatch
CatmullClark.cpp(222): warning C4018: '<' : signed/unsigned mismatch
CatmullClark.cpp(249): warning C4101: 'edge_3' : unreferenced local variable
CatmullClark.cpp(247): warning C4101: 'edge_2' : unreferenced local variable
CatmullClark.cpp(281): warning C4101: 'edge_3' : unreferenced local variable
CatmullClark.cpp(279): warning C4101: 'edge_2' : unreferenced local variable
CatmullClark.cpp(314): warning C4018: '<' : signed/unsigned mismatch
CatmullClark.cpp(346): warning C4018: '<' : signed/unsigned mismatch
CatmullClark.cpp(424): warning C4018: '<' : signed/unsigned mismatch
CatmullClark.cpp(487): warning C4018: '<' : signed/unsigned mismatch
CatmullClark.cpp(496): warning C4018: '<' : signed/unsigned mismatch
CatmullClark.cpp(506): warning C4018: '<' : signed/unsigned mismatch
CatmullClark.cpp(511): warning C4018: '<' : signed/unsigned mismatch
CatmullClark.cpp(540): warning C4018: '<' : signed/unsigned mismatch
  CatmullClark_Demo.cpp
  Demo.cpp
  FBXSceneImporter.cpp
FBXSceneImporter.cpp(276): warning C4244: '=' : conversion from 'fbxsdk::FbxDouble' to 'FLOAT', possible loss of data
FBXSceneImporter.cpp(277): warning C4244: '=' : conversion from 'fbxsdk::FbxDouble' to 'FLOAT', possible loss of data
FBXSceneImporter.cpp(278): warning C4244: '=' : conversion from 'fbxsdk::FbxDouble' to 'FLOAT', possible loss of data
FBXSceneImporter.cpp(351): warning C4244: 'argument' : conversion from 'fbxsdk::FbxDouble' to 'FLOAT', possible loss of data
FBXSceneImporter.cpp(543): warning C4244: 'argument' : conversion from 'fbxsdk::FbxDouble' to 'FLOAT', possible loss of data
FBXSceneImporter.cpp(563): warning C4244: '=' : conversion from 'fbxsdk::FbxDouble' to 'float', possible loss of data
FBXSceneImporter.cpp(575): warning C4244: 'argument' : conversion from 'fbxsdk::FbxDouble' to 'FLOAT', possible loss of data
FBXSceneImporter.cpp(576): warning C4244: 'argument' : conversion from 'fbxsdk::FbxDouble' to 'FLOAT', possible loss of data
FBXSceneImporter.cpp(586): warning C4244: 'initializing' : conversion from 'double' to 'float', possible loss of data
FBXSceneImporter.cpp(587): warning C4244: 'initializing' : conversion from 'double' to 'float', possible loss of data
FBXSceneImporter.cpp(588): warning C4244: 'initializing' : conversion from 'double' to 'float', possible loss of data
FBXSceneImporter.cpp(592): warning C4244: '=' : conversion from 'fbxsdk::FbxDouble' to 'float', possible loss of data
FBXSceneImporter.cpp(593): warning C4244: '=' : conversion from 'fbxsdk::FbxDouble' to 'float', possible loss of data
FBXSceneImporter.cpp(594): warning C4244: '=' : conversion from 'fbxsdk::FbxDouble' to 'float', possible loss of data
FBXSceneImporter.cpp(595): warning C4244: '=' : conversion from 'fbxsdk::FbxDouble' to 'float', possible loss of data
FBXSceneImporter.cpp(597): warning C4244: '=' : conversion from 'fbxsdk::FbxDouble' to 'float', possible loss of data
FBXSceneImporter.cpp(598): warning C4244: '=' : conversion from 'fbxsdk::FbxDouble' to 'float', possible loss of data
FBXSceneImporter.cpp(599): warning C4244: '=' : conversion from 'fbxsdk::FbxDouble' to 'float', possible loss of data
FBXSceneImporter.cpp(600): warning C4244: '=' : conversion from 'fbxsdk::FbxDouble' to 'float', possible loss of data
FBXSceneImporter.cpp(602): warning C4244: '=' : conversion from 'fbxsdk::FbxDouble' to 'float', possible loss of data
FBXSceneImporter.cpp(603): warning C4244: '=' : conversion from 'fbxsdk::FbxDouble' to 'float', possible loss of data
FBXSceneImporter.cpp(604): warning C4244: '=' : conversion from 'fbxsdk::FbxDouble' to 'float', possible loss of data
FBXSceneImporter.cpp(605): warning C4244: '=' : conversion from 'fbxsdk::FbxDouble' to 'float', possible loss of data
FBXSceneImporter.cpp(607): warning C4244: '=' : conversion from 'fbxsdk::FbxDouble' to 'float', possible loss of data
FBXSceneImporter.cpp(608): warning C4244: '=' : conversion from 'fbxsdk::FbxDouble' to 'float', possible loss of data
FBXSceneImporter.cpp(609): warning C4244: '=' : conversion from 'fbxsdk::FbxDouble' to 'float', possible loss of data
FBXSceneImporter.cpp(610): warning C4244: '=' : conversion from 'fbxsdk::FbxDouble' to 'float', possible loss of data
