  Renderer.cpp
c:\users\murat\documents\github\zephyr\zephyr\TextureQuadTree.h(39): warning C4240: nonstandard extension used : access to 'TextureQuadTree::TreeNode' now defined to be 'private', previously it was defined to be 'public'
          c:\users\murat\documents\github\zephyr\zephyr\TextureQuadTree.h(11) : see declaration of 'TextureQuadTree::TreeNode'
c:\users\murat\documents\github\zephyr\zephyr\ResourceManager.h(82): warning C4267: 'return' : conversion from 'size_t' to 'int', possible loss of data
Renderer.cpp(44): warning C4244: 'argument' : conversion from 'int' to 'FLOAT', possible loss of data
Renderer.cpp(45): warning C4244: 'argument' : conversion from 'int' to 'FLOAT', possible loss of data
Renderer.cpp(46): warning C4244: 'argument' : conversion from 'int' to 'FLOAT', possible loss of data
Renderer.cpp(48): warning C4244: 'argument' : conversion from 'int' to 'FLOAT', possible loss of data
Renderer.cpp(50): warning C4244: 'argument' : conversion from 'int' to 'FLOAT', possible loss of data
Renderer.cpp(54): warning C4244: 'argument' : conversion from 'int' to 'FLOAT', possible loss of data
Renderer.cpp(55): warning C4244: 'argument' : conversion from 'int' to 'FLOAT', possible loss of data
Renderer.cpp(56): warning C4244: 'argument' : conversion from 'int' to 'FLOAT', possible loss of data
Renderer.cpp(58): warning C4244: 'argument' : conversion from 'int' to 'FLOAT', possible loss of data
Renderer.cpp(59): warning C4244: 'argument' : conversion from 'int' to 'FLOAT', possible loss of data
Renderer.cpp(60): warning C4244: 'argument' : conversion from 'int' to 'FLOAT', possible loss of data
Renderer.cpp(62): warning C4244: 'argument' : conversion from 'int' to 'FLOAT', possible loss of data
Renderer.cpp(95): warning C4067: unexpected tokens following preprocessor directive - expected a newline
Renderer.cpp(126): warning C4244: '=' : conversion from 'double' to 'float', possible loss of data
Renderer.cpp(142): warning C4244: 'argument' : conversion from 'int' to 'FLOAT', possible loss of data
Renderer.cpp(143): warning C4244: 'argument' : conversion from 'int' to 'FLOAT', possible loss of data
Renderer.cpp(248): warning C4244: 'initializing' : conversion from 'double' to 'int', possible loss of data
Renderer.cpp(296): warning C4267: 'initializing' : conversion from 'size_t' to 'int', possible loss of data
Renderer.cpp(380): warning C4244: 'initializing' : conversion from 'double' to 'float', possible loss of data
Renderer.cpp(382): warning C4244: 'initializing' : conversion from 'FLOAT' to 'int', possible loss of data
Renderer.cpp(383): warning C4244: 'initializing' : conversion from 'FLOAT' to 'int', possible loss of data
Renderer.cpp(385): warning C4244: 'initializing' : conversion from 'FLOAT' to 'int', possible loss of data
Renderer.cpp(386): warning C4244: 'initializing' : conversion from 'FLOAT' to 'int', possible loss of data
Renderer.cpp(399): warning C4244: '=' : conversion from 'int' to 'FLOAT', possible loss of data
Renderer.cpp(400): warning C4244: '=' : conversion from 'int' to 'FLOAT', possible loss of data
Renderer.cpp(494): warning C4244: 'initializing' : conversion from 'double' to 'int', possible loss of data
Renderer.cpp(651): warning C4244: '=' : conversion from 'int' to 'FLOAT', possible loss of data
Renderer.cpp(652): warning C4244: '=' : conversion from 'int' to 'FLOAT', possible loss of data
Renderer.cpp(682): warning C4244: 'argument' : conversion from 'int' to 'FLOAT', possible loss of data
Renderer.cpp(723): warning C4305: 'argument' : truncation from 'double' to 'FLOAT'
Renderer.cpp(724): warning C4305: 'argument' : truncation from 'double' to 'FLOAT'
Renderer.cpp(728): warning C4305: '-=' : truncation from 'double' to 'FLOAT'
Renderer.cpp(731): warning C4305: '-=' : truncation from 'double' to 'FLOAT'
Renderer.cpp(736): warning C4305: '-=' : truncation from 'double' to 'FLOAT'
Renderer.cpp(973): warning C4244: '=' : conversion from 'double' to 'FLOAT', possible loss of data
Renderer.cpp(974): warning C4244: '=' : conversion from 'double' to 'FLOAT', possible loss of data
Renderer.cpp(1200): warning C4305: 'argument' : truncation from 'double' to 'FLOAT'
Renderer.cpp(1263): warning C4244: '=' : conversion from 'int' to 'FLOAT', possible loss of data
Renderer.cpp(1264): warning C4244: '=' : conversion from 'int' to 'FLOAT', possible loss of data
Renderer.cpp(1322): warning C4305: 'argument' : truncation from 'double' to 'FLOAT'
  Generating code
c:\users\murat\documents\github\zephyr\zephyr\d11.cpp(398): warning C4715: 'init_engine' : not all control paths return a value
  Finished generating code
  Zephyr.vcxproj -> C:\Users\Murat\Documents\GitHub\Zephyr\x64\Release\Zephyr.exe
