Build started 9.7.2015 21:54:12.
     1>Project "C:\Home Projects\Zephyr\Zephyr\Zephyr.vcxproj" on node 2 (Build target(s)).
     1>ClCompile:
         C:\Program Files (x86)\Microsoft Visual Studio 12.0\VC\bin\CL.exe /c /ZI /nologo /W3 /WX- /sdl /Od /Oy- /D "WIN32" /D _DEBUG /D _CONSOLE /D "_LIB" /D "_UNICODE" /D "UNICODE" /Gm /EHsc /RTC1 /MDd /GS /fp:precise /Zc:wchar_t /Zc:forScope /Fo"Debug\\" /Fd"Debug\vc120.pdb" /Gd /TP /analyze- /errorReport:prompt main.cpp
         main.cpp
       Link:
         C:\Program Files (x86)\Microsoft Visual Studio 12.0\VC\bin\link.exe /ERRORREPORT:PROMPT /OUT:"C:\Home Projects\Zephyr\Debug\Zephyr.exe" /INCREMENTAL /NOLOGO kernel32.lib user32.lib gdi32.lib winspool.lib comdlg32.lib advapi32.lib shell32.lib ole32.lib oleaut32.lib uuid.lib odbc32.lib odbccp32.lib /MANIFEST /MANIFESTUAC:"level='asInvoker' uiAccess='false'" /manifest:embed /DEBUG /PDB:"C:\Home Projects\Zephyr\Debug\Zephyr.pdb" /SUBSYSTEM:CONSOLE /TLBID:1 /DYNAMICBASE /NXCOMPAT /IMPLIB:"C:\Home Projects\Zephyr\Debug\Zephyr.lib" /MACHINE:X86 Debug\main.obj
     1>main.obj : error LNK2019: unresolved external symbol "long __stdcall DXUTInit(bool,bool,wchar_t *,bool)" (?DXUTInit@@YGJ_N0PA_W0@Z) referenced in function _wWinMain@16
     1>main.obj : error LNK2019: unresolved external symbol "long __stdcall DXUTCreateWindow(wchar_t const *,struct HINSTANCE__ *,struct HICON__ *,struct HMENU__ *,int,int)" (?DXUTCreateWindow@@YGJPB_WPAUHINSTANCE__@@PAUHICON__@@PAUHMENU__@@HH@Z) referenced in function _wWinMain@16
     1>main.obj : error LNK2019: unresolved external symbol "long __stdcall DXUTCreateDevice(enum D3D_FEATURE_LEVEL,bool,int,int)" (?DXUTCreateDevice@@YGJW4D3D_FEATURE_LEVEL@@_NHH@Z) referenced in function _wWinMain@16
     1>main.obj : error LNK2019: unresolved external symbol "long __stdcall DXUTMainLoop(struct HACCEL__ *)" (?DXUTMainLoop@@YGJPAUHACCEL__@@@Z) referenced in function _wWinMain@16
     1>main.obj : error LNK2019: unresolved external symbol "void __stdcall DXUTSetCursorSettings(bool,bool)" (?DXUTSetCursorSettings@@YGX_N0@Z) referenced in function _wWinMain@16
     1>main.obj : error LNK2019: unresolved external symbol "int __stdcall DXUTGetExitCode(void)" (?DXUTGetExitCode@@YGHXZ) referenced in function _wWinMain@16
     1>main.obj : error LNK2019: unresolved external symbol "long __stdcall DXUTTrace(char const *,unsigned long,long,wchar_t const *,bool)" (?DXUTTrace@@YGJPBDKJPB_W_N@Z) referenced in function _wWinMain@16
     1>main.obj : error LNK2019: unresolved external symbol "class CD3D11Enumeration * __stdcall DXUTGetD3D11Enumeration(bool,bool,enum D3D_FEATURE_LEVEL)" (?DXUTGetD3D11Enumeration@@YGPAVCD3D11Enumeration@@_N0W4D3D_FEATURE_LEVEL@@@Z) referenced in function _wWinMain@16
     1>main.obj : error LNK2019: unresolved external symbol "long __stdcall DXUTSetMediaSearchPath(wchar_t const *)" (?DXUTSetMediaSearchPath@@YGJPB_W@Z) referenced in function _wWinMain@16
     1>MSVCRTD.lib(crtexe.obj) : error LNK2019: unresolved external symbol _main referenced in function ___tmainCRTStartup
     1>C:\Home Projects\Zephyr\Debug\Zephyr.exe : fatal error LNK1120: 10 unresolved externals
     1>Done Building Project "C:\Home Projects\Zephyr\Zephyr\Zephyr.vcxproj" (Build target(s)) -- FAILED.

Build FAILED.

Time Elapsed 00:00:01.50
